067e9870bba57e1ce20695c4d5672f30 libzip
d8a9d2078f35e61cf1122ccd440687cf libzip
c50ab31669698143abc7d61e9404b940 GDAL3
0cd9a07afbeb24026c9b03aecfeba458 xslt
0e92e1a36cc384b60f5b31dde0bdd39e libspatialite
07fc4b9a9c0c0e48050ed38a5e72552b python 3.9.18
11c08ad23a11ff8cab66b8b5b33b2ccc PDAL
17c864f08a4445fe9c41226785e9ed10 netcdf
7b3b078238d0901d3b339289117cb7fb expat
f4fedd6116da0e171f7cb4d2923d7ac2 expat
1e5cffe65fc786f83a11a4b225495c0b bzip2
1ebbd3e34237af26da5dc08a4e440464 GPL 3
1f2a1ce4e63ae39765bf02c2d9dfb298 haru
2044417e2e5006b65a8b9067b683fcf1 libxml2
fec7ecfe714722b2bb0aaff7d200c701 libxml2
206cab2b8179d5b89e14b7d63ca61ab7 libjpeg
2a8e0d8226a102f07ab63ed7fd6ce155 libjpeg-turbo
2badff2388880cc27e58977d8bc1d494 libjpeg-turbo
2e9fb35867314fe31c6a4977ef7dd531 curl
db8448a1e43eb2125f7740fc397db1f6 curl
eed2e5088e1ac619c9a1c747da291d75 curl
425f6fdc767cc067518eef9bbdf4ab7b curl
72f4e9890e99e68d77b7e40703d789b8 curl
0515352b285b9c3f66464b135c9c0fdc curl
34da3db46fab7501992f9615d7e158cf libtiff
a3e32d664d6db1386b4689c8121531c3 libtiff
4ab490c3088a0acff254eb2f8c577547 libtiff
36964f044224efeedd694983c34e716f minizip
37b5762e07f0af8c74ce80a8bda4266b protobuf (google)
39bba7d2cf0ba1036f2a6e2be52fe3f0 zstd (GPL)
3b83ef96387f14655fc854ddc3c6bd57 Apache License 2.0
57c4c10122d7b5a36ffb6416de10bab0 Apache License 2.0 (odbc-cpp-wrapper)
bc2c5aa3a71a7a913843a8cf521adcbb node
4741693cd088043dcb1922dedb25fd85 python 3.9
6eacfbd8c95e81bdd19bfb0f0f6e390b HDF5
9ba0f3d878ab6c2403c86e9b0362d998 HDF5
4af6221506f202774ef74f64932878a1 freetype
4fbd65380cdd255951079008b364516c geos
58a180e1cf84c756c29f782b3a485c29 LGPL (qtwebkit)
ebece3896618ecf0b60c4fade17f026f qtkeychain
2ad5ea97a10ddec5c5ec6a851d21c509 GRASS
f99c45741f388137849b7e38b0a9fa94 GRASS \ GIS
625f055f41728f84a8d7938acc35bdc2 GPL 2
627e6ecababe008a45c70e318ae7014e zlib
66e4e749bb11d80fc7ba510a9ce99534 zlib
65b35c879d7e99557086d68a48c385ea GDAL2
698403c963b048f30801fb862036f868 arrow-cpp (Apache License)
8031a2c33230c952ed3f3ccff1d3fa89 arrow-cpp (Apache License)
100c3e6324688e340080d7fd971b8c5e arrow-cpp (Apache License)
0badcc877b5f854c7ecea97159bf6d73 arrow-cpp (Apache License)
4e951f342bcd258558cd2ef3abc96f0e arrow-cpp (Apache License)
6d1d8588f77968671ae8efda2c8cc584 avce00
6e8dee932c26f2dab503abf70c96d8bb webp (google)
00becdf146f41b175cf78ff97cf58f8d HDF4
276d8195fe69d9e647ef0bf04b3bc411 HDF4
73f1eb20517c55bf9493b7dd6e480788 GNU AFFERO GENERAL PUBLIC LICENSE (ghostscript)
74d9aaec5fa0cd734341e8c4dc91b608 proj
751419260aa954499f7abaabaa882bbe poppler
f80854a7049ee9433d1f93336fe22f10 geotiff
7d35a060870a8e5db7fbefdf2e182f3a python3-affine
82ae42c1d0e6bc5c1609e97e2a2e8b24 Python License
fcf6b249c2641540219a727f35d8d2c2 Python License
d5dd73e90ee1a572679460ee67233fcc PostgreSQL
88e2b9117e6be406b5ed6ee4ca99a705 GPL Qt
90db08e4c32c6d6ca9efc338329badc6 sqlite copyright statement
93b3b0606bedcc7aba487f574586c4e9 Entwine license (LGPL2)
941ee9cd1609382f946352712a319b4b brotli
94536d1723a5201c95af04533ec8a472 MOZILLA PUBLIC LICENSE 1.1
953f7f1861840f42039666c4cc5878ed GRASS
95b8d615ab80445454b9a23e7b5b4127 mysql
3b8636a9d9f705345830ebddbe7fc2a8 mysql
96d5a3ba306e0f24fb289427af484408 utf8proc
97d554a32881fee0aa283d96e47cb24a XZ utils
981f50a934828620b08f44d75db557c6 wxWindows Library License, 3.1
9afb19b302b259045f25e9bb91dd34d6 yarnpkg
a3808a5b70071b07f87ff2205e4d75a0 ICU LICENSE
a846a2e5eaa357e317fdee761e9606e4 ogdi copyright statement
b0085051bf265bac2bfc38bc89f50000 libpng
0fdbfbe10fc294a6fca24dc76134222a libpng
9dc350edbbbee660c7d9af79487168f2 libpng
b234ee4d69f5fce4486a80fdaf4a4263 librttopo
843b6efc16f6b1652ec97f89d5a516c0 freetype
c2d403e578f979ec4fafe6ffd5e5d845 liblas
c40a383cb3f747e0c7abbf1482f194f0 thrift (Apache License)
bdfca4cb0874071cc3e42d2ae3b05a77 thrift (Apache License)
c5c6ae0c9dd10977ab0ed75052428a2d apache
c648878b4840d7babaade1303e7f108c openjpeg (BSD)
d273d63619c9aeaf15cdaf76422c4f87 mod_fcgid
d32239bcb673463ab874e80d47fae504 GPL 3
d343e62fc9c833710bbbed25f27364c8 OpenSSL (BSD)
c75985e733726beaba57bc5253e96d04 OpenSSL
d57c0d21cb917fb4e0af2454aa48b956 lz4 (BSD-4 / GPLv2)
c5cc3cd6f9274b4d32988096df9c3ec3 lz4 (BSD-4 / GPLv2)
dac2743472b0462ff3cfb4af42051c88 qwt5
df00847fc6f95e2484e2e50f5bcb5e77 libkml (google)
e3aacac3a647af6e7e31f181cda0a06a fcgi
e4224ccaecb14d942c71d31bef20d78c boost
e6a600fd5e1d9cbde2d983680233ad02 LGPL 3
e73e999e0c72b5ac9012424fa157ad77 CAIRO
e7807a6282784a7dde4c846626b08fc6 SWIG (GPL 3)
592c66677c3519f4b246d5e3cd42dff8 SAGA
fd639a58a9f56850427ff108f03d867d SAGA
e99dbe0cce55f0471235200ae75c772e geotiff
f27445198ba1500f508fce2b183ce0ff proj 8
f358dd54868d739e9ea41e7ff4377088 sqlite copyright statement
f62f3080324a97b3159a7a7e61812d0c snappy (Google)
fbc093901857fcd118f065f900982c24 qca
fbfd7d9d8e3ab1b72cd49bc41b8867bc libspatialite (MIT)
06209abe95b90904e809b2e6f3ba4ea7 LERC
9573510928429ad0cbe5ba4de77546e9 MIT (spdlog)
4c30f1e79c4e3e031a0c984881dce9b5 KEA (BSD)
c20c7c1f7f8b534db590d536aa2d188c tiledb (MIT)
f7649e9ba282c52e57d3d98521c64842 GDAL
9b8f40e78dc1853542c310f7a4638272 mssqlodbc
02c41ffcd1d6df2b4ae6fafffe7c942e QGIS (GPL2)
75af6e3eeec4a06cdd2e578673236fc3 PostgreSQL
892f569a555ba9c07a568a7c0c4fa63a osgeo4w setup (GPL2)
d10e53d9eed6c64bc39d7620052e30b0 qwc-services (MIT)
7a263d90afd5e8aed74f2e8beac46a06 qwc2 (bsd)
de06891401a0e7c049d4407f09507dcb wingetopt
b61c59d0c373486d984e818f8447d96b osmium
bb1a27fdd409f635a3f92106ef78d30a protozero
aa5f0108aa9c1250214eea2ff7643f0b protozero
86d3f3a95c324c9479bd8986968f4327 transifex (Apache)
3a6141529621bd7cc4f622e6ce392fca lua (MIT)
397c6526409a699d4c34b1cba4b48b04 grass
3c031a10a6c2f360752e62f882691ca8 PDAL
c31f662bb2bfb3b4187fe9a53e0ffe7c libpq
89afbb2d7716371015101c2b2cb4297a libpq 16.2
55760ee57ce4e51e4b57f0801ff032dd libpq 18.4
6a905a337cc228a1f68f0b5416f52a7f libjxl
0f4fd4e8ed0e5c4d26044ac175a3eff8 draco
c8ea84ebe7b93cce676b54355dc6b2c0 xz
3a845787f8b36ddaefd8d253ba1dafcc python3-pdal-plugins
db979804f025cf55aabec7129cb671ed podofo
a901c0e6680ced9dcecabbde59491c28 poly2tri
fa818a259cbed7ce8bc2a22d35a464fc zxing-devel
06e852077699178e4248d905b3846a4b c-blosc
d499814247adaee08d88080841cb5665 libarchive
7ce08437ff7f5e24d72e666313ae4084 libarchive
79a0510a13714a1920d3d68b5f6ec60a pgmodeler (GPL3)
faee1e02a824ab8bbfc21f3b124733ca pdal
b4f961b32fec9e2001bbc01ad7bf04c4 muparser
f5b357dc44b882abdfc42c470d1f624b GPL (saga)
355ddc9bb1806d2d03ff21dd176ad2aa MIT (geographiclib)
2a626f155f0a604febb7d0fc6b0611af SFCGAL (LGPL)
729960cf40d42f3621a297ca3b717850 sqlean (MIT)
128305912d075b470880a190ed3e8c53 libaec (MIT)
c111c47e301c2ffe8776729b40b44477 lz4 (BSD-4 / GPLv2)
adebb1ecf1b3b80c13359e18ef67301e hdf5
cbb22cd5ded182bbd11d88ea19479b58 netcdf
aa183cff17957256fa1df6caf4fcc23e qtwebdav (LGPL 2.1)
2dbe422d4db5022c9717746da7535405 geos (LGPL 2.1)
f14599a2f089f6ff8c97e2baa4e3d575 qca (LGPL 2.1)
